<?xml version="1.0" encoding="UTF-8"?>
<!-- Generated by org.testng.reporters.JUnitReportReporter -->
<testsuite hostname="Tomislavs-MacBook-Pro.local" failures="0" tests="1" name="login.LoginWithNonexistingAccount" time="5.278" errors="0" timestamp="09 May 2018 09:40:41 GMT" skipped="0">
  <testcase classname="login.LoginWithNonexistingAccount" name="typeInTheNonexistingAccount" time="5.278"/>
</testsuite> <!-- login.LoginWithNonexistingAccount -->
