<?xml version="1.0" encoding="UTF-8"?>
<!-- Generated by org.testng.reporters.JUnitReportReporter -->
<testsuite hostname="Tomislavs-MacBook-Pro.local" failures="0" tests="2" name="login.LoginWithExistingAccount" time="24.131" errors="0" timestamp="02 Mar 2018 12:52:05 GMT" skipped="0">
  <testcase classname="login.LoginWithExistingAccount" name="invokeBrowser" time="24.129"/>
  <testcase classname="login.LoginWithExistingAccount" name="typeInTheRightCredentials" time="0.002"/>
</testsuite> <!-- login.LoginWithExistingAccount -->
