<?xml version="1.0" encoding="UTF-8"?>
<!-- Generated by org.testng.reporters.JUnitReportReporter -->
<testsuite hostname="Tomislavs-MacBook-Pro.local" failures="0" tests="1" name="account.UpdateWithABlankSchool" time="17.319" errors="0" timestamp="10 May 2018 09:37:10 GMT" skipped="0">
  <testcase classname="account.UpdateWithABlankSchool" name="leaveEmptyDistrictAndUpdate" time="17.319"/>
</testsuite> <!-- account.UpdateWithABlankSchool -->
