<?xml version="1.0" encoding="UTF-8"?>
<!-- Generated by org.testng.reporters.JUnitReportReporter -->
<testsuite hostname="Tomislavs-MacBook-Pro.local" failures="0" tests="1" name="account.UpdateTwitterAndLinkendInWithASpecChar" time="18.542" errors="0" timestamp="10 May 2018 08:58:11 GMT" skipped="0">
  <testcase classname="account.UpdateTwitterAndLinkendInWithASpecChar" name="passTwitterAndLinkedInSpecChar" time="18.542"/>
</testsuite> <!-- account.UpdateTwitterAndLinkendInWithASpecChar -->
