<?xml version="1.0" encoding="UTF-8"?>
<!-- Generated by org.testng.reporters.JUnitReportReporter -->
<testsuite hostname="Tomislavs-MacBook-Pro.local" failures="0" tests="2" name="login.LoginWithTheSamePassAsEmail" time="15.809" errors="0" timestamp="02 Mar 2018 12:52:05 GMT" skipped="0">
  <testcase classname="login.LoginWithTheSamePassAsEmail" name="typePassAsEmail" time="0.003"/>
  <testcase classname="login.LoginWithTheSamePassAsEmail" name="invokeBrowser" time="15.806"/>
</testsuite> <!-- login.LoginWithTheSamePassAsEmail -->
