<?xml version="1.0" encoding="UTF-8"?>
<!-- Generated by org.testng.reporters.JUnitReportReporter -->
<testsuite hostname="Tomislavs-MacBook-Pro.local" failures="0" tests="1" name="account.UpdateWithSpecCharacters" time="17.401" errors="0" timestamp="10 May 2018 09:50:18 GMT" skipped="0">
  <testcase classname="account.UpdateWithSpecCharacters" name="sendSpecCharactersAndUpdate" time="17.401"/>
</testsuite> <!-- account.UpdateWithSpecCharacters -->
