<?xml version="1.0" encoding="UTF-8"?>
<!-- Generated by org.testng.reporters.JUnitReportReporter -->
<testsuite hostname="Tomislavs-MacBook-Pro.local" failures="0" tests="1" name="dashboard.CheckMiddleGalaxyButtonAndLink" time="25.926" errors="0" timestamp="08 May 2018 09:48:30 GMT" skipped="0">
  <testcase classname="dashboard.CheckMiddleGalaxyButtonAndLink" name="loginAndClickButtonAndLink" time="25.926"/>
</testsuite> <!-- dashboard.CheckMiddleGalaxyButtonAndLink -->
