<?xml version="1.0" encoding="UTF-8"?>
<!-- Generated by org.testng.reporters.JUnitReportReporter -->
<testsuite hostname="Tomislavs-MacBook-Pro.local" failures="0" tests="1" name="dashboard.CheckTheGlossaryLink" time="22.841" errors="0" timestamp="09 May 2018 09:55:23 GMT" skipped="0">
  <testcase classname="dashboard.CheckTheGlossaryLink" name="loginAndClickTheGlossaryLink" time="22.841"/>
</testsuite> <!-- dashboard.CheckTheGlossaryLink -->
