<?xml version="1.0" encoding="UTF-8"?>
<!-- Generated by org.testng.reporters.JUnitReportReporter -->
<testsuite hostname="Tomislavs-MacBook-Pro.local" failures="0" tests="1" name="account.UpdateWithABlankSupervisor" time="16.082" errors="0" timestamp="10 May 2018 10:48:54 GMT" skipped="0">
  <testcase classname="account.UpdateWithABlankSupervisor" name="leaveBlankAndUpdate" time="16.082"/>
</testsuite> <!-- account.UpdateWithABlankSupervisor -->
