<?xml version="1.0" encoding="UTF-8"?>
<!-- Generated by org.testng.reporters.JUnitReportReporter -->
<testsuite hostname="Tomislavs-MacBook-Pro.local" failures="0" tests="2" name="login.CorrectEmailIncorrectPass" time="14.125" errors="0" timestamp="02 Mar 2018 12:52:05 GMT" skipped="0">
  <testcase classname="login.CorrectEmailIncorrectPass" name="typeInTheWrongCredentials1" time="0.002"/>
  <testcase classname="login.CorrectEmailIncorrectPass" name="invokeBrowser" time="14.123"/>
</testsuite> <!-- login.CorrectEmailIncorrectPass -->
