<?xml version="1.0" encoding="UTF-8"?>
<!-- Generated by org.testng.reporters.JUnitReportReporter -->
<testsuite hostname="Tomislavs-MacBook-Pro.local" failures="0" tests="2" name="login.IncorrectEmailCorrectPass" time="13.322" errors="0" timestamp="02 Mar 2018 12:52:05 GMT" skipped="0">
  <testcase classname="login.IncorrectEmailCorrectPass" name="invokeBrowser" time="13.319"/>
  <testcase classname="login.IncorrectEmailCorrectPass" name="typeInTheWrongCredentials2" time="0.003"/>
</testsuite> <!-- login.IncorrectEmailCorrectPass -->
