<?xml version="1.0" encoding="UTF-8"?>
<!-- Generated by org.testng.reporters.JUnitReportReporter -->
<testsuite hostname="Tomislavs-MacBook-Pro.local" failures="0" tests="1" name="login.LoginWithTheSameEmailAsPass" time="4.804" errors="0" timestamp="09 May 2018 09:42:22 GMT" skipped="0">
  <testcase classname="login.LoginWithTheSameEmailAsPass" name="typeEmailAsPass" time="4.804"/>
</testsuite> <!-- login.LoginWithTheSameEmailAsPass -->
