<?xml version="1.0" encoding="UTF-8"?>
<!-- Generated by org.testng.reporters.JUnitReportReporter -->
<testsuite hostname="Tomislavs-MacBook-Pro.local" failures="0" tests="1" name="login.LoginWithExistingAccount" time="11.853" errors="0" timestamp="09 May 2018 09:26:39 GMT" skipped="0">
  <testcase classname="login.LoginWithExistingAccount" name="typeInTheRightCredentials" time="11.853"/>
</testsuite> <!-- login.LoginWithExistingAccount -->
