<?xml version="1.0" encoding="UTF-8"?>
<!-- Generated by org.testng.reporters.JUnitReportReporter -->
<testsuite hostname="Tomislavs-MacBook-Pro.local" failures="0" tests="1" name="login.CheckForgotPassword" time="10.442" errors="0" timestamp="09 May 2018 09:35:07 GMT" skipped="0">
  <testcase classname="login.CheckForgotPassword" name="checkForgotPass" time="10.442"/>
</testsuite> <!-- login.CheckForgotPassword -->
