<?xml version="1.0" encoding="UTF-8"?>
<!-- Generated by org.testng.reporters.JUnitReportReporter -->
<testsuite hostname="Tomislavs-MacBook-Pro.local" failures="0" tests="1" name="account.UpdateWithABlankEmail" time="18.853" errors="0" timestamp="10 May 2018 10:43:05 GMT" skipped="0">
  <testcase classname="account.UpdateWithABlankEmail" name="leaveEmptyEmailAndUpdate" time="18.853"/>
</testsuite> <!-- account.UpdateWithABlankEmail -->
