<?xml version="1.0" encoding="UTF-8"?>
<!-- Generated by org.testng.reporters.JUnitReportReporter -->
<testsuite hostname="Tomislavs-MacBook-Pro.local" failures="0" tests="1" name="login.LoginWithEmptyEmail" time="4.326" errors="0" timestamp="09 May 2018 09:38:13 GMT" skipped="0">
  <testcase classname="login.LoginWithEmptyEmail" name="leaveEmptyEmail" time="4.326"/>
</testsuite> <!-- login.LoginWithEmptyEmail -->
