<?xml version="1.0" encoding="UTF-8"?>
<!-- Generated by org.testng.reporters.JUnitReportReporter -->
<testsuite hostname="Tomislavs-MacBook-Pro.local" failures="0" tests="1" name="login.IncorrectEmailCorrectPass" time="6.430" errors="0" timestamp="09 May 2018 09:37:40 GMT" skipped="0">
  <testcase classname="login.IncorrectEmailCorrectPass" name="typeInTheWrongCredentials2" time="6.430"/>
</testsuite> <!-- login.IncorrectEmailCorrectPass -->
