<?xml version="1.0" encoding="UTF-8"?>
<!-- Generated by org.testng.reporters.JUnitReportReporter -->
<testsuite hostname="Tomislavs-MacBook-Pro.local" failures="0" tests="1" name="account.UpdateSupervisorWithASpecChar" time="15.679" errors="0" timestamp="26 Apr 2018 12:03:26 GMT" skipped="0">
  <testcase classname="account.UpdateSupervisorWithASpecChar" name="passSupTheSpecChar" time="15.679"/>
</testsuite> <!-- account.UpdateSupervisorWithASpecChar -->
