<?xml version="1.0" encoding="UTF-8"?>
<!-- Generated by org.testng.reporters.JUnitReportReporter -->
<testsuite hostname="Tomislavs-MacBook-Pro.local" failures="0" tests="2" name="login.LoginWithNonexistingAccount" time="12.881" errors="0" timestamp="02 Mar 2018 12:52:05 GMT" skipped="0">
  <testcase classname="login.LoginWithNonexistingAccount" name="invokeBrowser" time="12.874"/>
  <testcase classname="login.LoginWithNonexistingAccount" name="typeInTheNonexistingAccount" time="0.007"/>
</testsuite> <!-- login.LoginWithNonexistingAccount -->
