<?xml version="1.0" encoding="UTF-8"?>
<!-- Generated by org.testng.reporters.JUnitReportReporter -->
<testsuite hostname="Tomislavs-MacBook-Pro.local" failures="0" tests="1" name="account.UpdateWithABlankFirstName" time="18.284" errors="0" timestamp="10 May 2018 09:29:32 GMT" skipped="0">
  <testcase classname="account.UpdateWithABlankFirstName" name="leaveEmptyFirstNameAndUpdate" time="18.284"/>
</testsuite> <!-- account.UpdateWithABlankFirstName -->
