<?xml version="1.0" encoding="UTF-8"?>
<!-- Generated by org.testng.reporters.JUnitReportReporter -->
<testsuite hostname="Tomislavs-MacBook-Pro.local" failures="0" tests="2" name="login.LoginWithTheSameEmailAsPass" time="15.306" errors="0" timestamp="02 Mar 2018 12:52:05 GMT" skipped="0">
  <testcase classname="login.LoginWithTheSameEmailAsPass" name="typeEmailAsPass" time="0.002"/>
  <testcase classname="login.LoginWithTheSameEmailAsPass" name="invokeBrowser" time="15.304"/>
</testsuite> <!-- login.LoginWithTheSameEmailAsPass -->
