<?xml version="1.0" encoding="UTF-8"?>
<!-- Generated by org.testng.reporters.JUnitReportReporter -->
<testsuite hostname="Tomislavs-MacBook-Pro.local" failures="0" tests="1" name="dashboard.CheckTheBannerLink" time="13.861" errors="0" timestamp="09 May 2018 09:51:09 GMT" skipped="0">
  <testcase classname="dashboard.CheckTheBannerLink" name="loginAndClickTheBannerLink" time="13.861"/>
</testsuite> <!-- dashboard.CheckTheBannerLink -->
