<?xml version="1.0" encoding="UTF-8"?>
<!-- Generated by org.testng.reporters.JUnitReportReporter -->
<testsuite hostname="Tomislavs-MacBook-Pro.local" failures="0" tests="1" name="account.UpdateWitABlankSupEmail" time="20.080" errors="0" timestamp="18 Jun 2018 07:48:52 GMT" skipped="0">
  <testcase classname="account.UpdateWitABlankSupEmail" name="leaveABlankEmail" time="20.080"/>
</testsuite> <!-- account.UpdateWitABlankSupEmail -->
