<?xml version="1.0" encoding="UTF-8"?>
<!-- Generated by org.testng.reporters.JUnitReportReporter -->
<testsuite hostname="Tomislavs-MacBook-Pro.local" failures="0" tests="6" name="login.AnEmailWithoutAKeyChar" time="22.515" errors="0" timestamp="09 May 2018 09:32:27 GMT" skipped="0">
  <testcase classname="login.AnEmailWithoutAKeyChar" name="typeInAnEmailWithoutAKeyChar" time="4.582"/>
  <testcase classname="login.AnEmailWithoutAKeyChar" name="typeInAnEmailWithoutSecKeyChar" time="1.412"/>
  <testcase classname="login.AnEmailWithoutAKeyChar" name="typeInAnEmailWithoutThirdKeyChar" time="6.945"/>
  <testcase classname="login.AnEmailWithoutAKeyChar" name="typeInAnIncompleteEmail" time="6.710"/>
  <testcase classname="login.AnEmailWithoutAKeyChar" name="typeInAnIncompleteEmailAgain" time="1.356"/>
  <testcase classname="login.AnEmailWithoutAKeyChar" name="typeInAnIncompleteEmailAgain2" time="1.510"/>
</testsuite> <!-- login.AnEmailWithoutAKeyChar -->
