<?xml version="1.0" encoding="UTF-8"?>
<!-- Generated by org.testng.reporters.JUnitReportReporter -->
<testsuite hostname="Tomislavs-MacBook-Pro.local" failures="0" tests="1" name="login.LoginWithTheSamePassAsEmail" time="6.844" errors="0" timestamp="09 May 2018 09:44:25 GMT" skipped="0">
  <testcase classname="login.LoginWithTheSamePassAsEmail" name="typePassAsEmail" time="6.844"/>
</testsuite> <!-- login.LoginWithTheSamePassAsEmail -->
