<?xml version="1.0" encoding="UTF-8"?>
<!-- Generated by org.testng.reporters.JUnitReportReporter -->
<testsuite hostname="Tomislavs-MacBook-Pro.local" failures="0" tests="1" name="account.UpdateDistrictWithASpecChar" time="16.926" errors="0" timestamp="10 May 2018 10:45:11 GMT" skipped="0">
  <testcase classname="account.UpdateDistrictWithASpecChar" name="passDisTheSpecChar" time="16.926"/>
</testsuite> <!-- account.UpdateDistrictWithASpecChar -->
