<?xml version="1.0" encoding="UTF-8"?>
<!-- Generated by org.testng.reporters.JUnitReportReporter -->
<testsuite hostname="Tomislavs-MacBook-Pro.local" failures="0" tests="1" name="registration.CheckAllButtonsAndDropDowns" time="22.584" errors="0" timestamp="09 May 2018 08:13:54 GMT" skipped="0">
  <testcase classname="registration.CheckAllButtonsAndDropDowns" name="checkAndSelect" time="22.584"/>
</testsuite> <!-- registration.CheckAllButtonsAndDropDowns -->
