<?xml version="1.0" encoding="UTF-8"?>
<!-- Generated by org.testng.reporters.JUnitReportReporter -->
<testsuite hostname="Tomislavs-MacBook-Pro.local" failures="0" tests="2" name="login.CheckAllButtons" time="24.910" errors="0" timestamp="02 Mar 2018 12:52:05 GMT" skipped="0">
  <testcase classname="login.CheckAllButtons" name="checkTheButtons" time="0.002"/>
  <testcase classname="login.CheckAllButtons" name="invokeBrowser" time="24.908"/>
</testsuite> <!-- login.CheckAllButtons -->
