<?xml version="1.0" encoding="UTF-8"?>
<!-- Generated by org.testng.reporters.JUnitReportReporter -->
<testsuite hostname="Tomislavs-MacBook-Pro.local" failures="0" tests="1" name="account.UpdateOccupationTwice" time="19.398" errors="0" timestamp="10 May 2018 08:48:34 GMT" skipped="0">
  <testcase classname="account.UpdateOccupationTwice" name="selectOccupationSelectEmptyAndUpdate" time="19.398"/>
</testsuite> <!-- account.UpdateOccupationTwice -->
