<?xml version="1.0" encoding="UTF-8"?>
<!-- Generated by org.testng.reporters.JUnitReportReporter -->
<testsuite hostname="Tomislavs-MacBook-Pro.local" failures="0" tests="1" name="account.UpdateWithABlankLastName" time="14.966" errors="0" timestamp="10 May 2018 09:31:01 GMT" skipped="0">
  <testcase classname="account.UpdateWithABlankLastName" name="leaveEmptyLastNameAndUpdate" time="14.966"/>
</testsuite> <!-- account.UpdateWithABlankLastName -->
