<?xml version="1.0" encoding="UTF-8"?>
<!-- Generated by org.testng.reporters.JUnitReportReporter -->
<testsuite hostname="Tomislavs-MacBook-Pro.local" failures="0" tests="1" name="account.CheckAllButtons" time="39.338" errors="0" timestamp="10 May 2018 08:05:22 GMT" skipped="0">
  <testcase classname="account.CheckAllButtons" name="checkButtonsAndLinks" time="39.338"/>
</testsuite> <!-- account.CheckAllButtons -->
