<?xml version="1.0" encoding="UTF-8"?>
<!-- Generated by org.testng.reporters.JUnitReportReporter -->
<testsuite hostname="Tomislavs-MacBook-Pro.local" failures="0" tests="1" name="account.UpdateWithABlankOccupation" time="16.518" errors="0" timestamp="10 May 2018 09:34:27 GMT" skipped="0">
  <testcase classname="account.UpdateWithABlankOccupation" name="leaveEmptyOccupationAndUpdate" time="16.518"/>
</testsuite> <!-- account.UpdateWithABlankOccupation -->
