<?xml version="1.0" encoding="UTF-8"?>
<!-- Generated by org.testng.reporters.JUnitReportReporter -->
<testsuite hostname="Tomislavs-MacBook-Pro.local" failures="0" tests="1" name="dashboard.CheckHelpVideosLink" time="23.863" errors="0" timestamp="08 May 2018 09:40:48 GMT" skipped="0">
  <testcase classname="dashboard.CheckHelpVideosLink" name="loginAndClickOnHelpVideos" time="23.863"/>
</testsuite> <!-- dashboard.CheckHelpVideosLink -->
