<?xml version="1.0" encoding="UTF-8"?>
<!-- Generated by org.testng.reporters.JUnitReportReporter -->
<testsuite hostname="Tomislavs-MacBook-Pro.local" failures="0" tests="1" name="account.UpdateWithSomeOccupation" time="17.354" errors="0" timestamp="10 May 2018 09:46:05 GMT" skipped="0">
  <testcase classname="account.UpdateWithSomeOccupation" name="selectOccupationAndUpdate" time="17.354"/>
</testsuite> <!-- account.UpdateWithSomeOccupation -->
