<?xml version="1.0" encoding="UTF-8"?>
<!-- Generated by org.testng.reporters.JUnitReportReporter -->
<testsuite hostname="Tomislavs-MacBook-Pro.local" failures="0" tests="1" name="login.CheckAllButtons" time="12.877" errors="0" timestamp="09 May 2018 09:25:02 GMT" skipped="0">
  <testcase classname="login.CheckAllButtons" name="checkTheButtons" time="12.877"/>
</testsuite> <!-- login.CheckAllButtons -->
