<?xml version="1.0" encoding="UTF-8"?>
<!-- Generated by org.testng.reporters.JUnitReportReporter -->
<testsuite hostname="Tomislavs-MacBook-Pro.local" failures="0" tests="3" name="registration.CheckAllButtonsAndDropDowns" time="35.251" errors="0" timestamp="02 Mar 2018 12:52:05 GMT" skipped="0">
  <testcase classname="registration.CheckAllButtonsAndDropDowns" name="invokeBrowser" time="35.229"/>
  <testcase classname="registration.CheckAllButtonsAndDropDowns" name="getTheUrl" time="0.018"/>
  <testcase classname="registration.CheckAllButtonsAndDropDowns" name="checkAndSelect" time="0.004"/>
</testsuite> <!-- registration.CheckAllButtonsAndDropDowns -->
