<?xml version="1.0" encoding="UTF-8"?>
<!-- Generated by org.testng.reporters.JUnitReportReporter -->
<testsuite hostname="Tomislavs-MacBook-Pro.local" failures="0" tests="1" name="login.CorrectEmailIncorrectPass" time="5.338" errors="0" timestamp="09 May 2018 09:36:37 GMT" skipped="0">
  <testcase classname="login.CorrectEmailIncorrectPass" name="typeInTheWrongCredentials1" time="5.338"/>
</testsuite> <!-- login.CorrectEmailIncorrectPass -->
