<?xml version="1.0" encoding="UTF-8"?>
<!-- Generated by org.testng.reporters.JUnitReportReporter -->
<testsuite hostname="Tomislavs-MacBook-Pro.local" failures="0" tests="1" name="login.LoginWithEmptyPass" time="4.478" errors="0" timestamp="09 May 2018 09:38:54 GMT" skipped="0">
  <testcase classname="login.LoginWithEmptyPass" name="leaveEmptyPass" time="4.478"/>
</testsuite> <!-- login.LoginWithEmptyPass -->
