<?xml version="1.0" encoding="UTF-8"?>
<!-- Generated by org.testng.reporters.JUnitReportReporter -->
<testsuite hostname="Tomislavs-MacBook-Pro.local" failures="0" tests="2" name="login.LoginWithEmptyPass" time="12.440" errors="0" timestamp="02 Mar 2018 12:52:05 GMT" skipped="0">
  <testcase classname="login.LoginWithEmptyPass" name="invokeBrowser" time="12.439"/>
  <testcase classname="login.LoginWithEmptyPass" name="leaveEmptyPass" time="0.001"/>
</testsuite> <!-- login.LoginWithEmptyPass -->
