<?xml version="1.0" encoding="UTF-8"?>
<!-- Generated by org.testng.reporters.JUnitReportReporter -->
<testsuite hostname="Tomislavs-MacBook-Pro.local" failures="0" tests="2" name="login.LoginWithEmptyEmail" time="12.643" errors="0" timestamp="02 Mar 2018 12:52:05 GMT" skipped="0">
  <testcase classname="login.LoginWithEmptyEmail" name="leaveEmptyEmail" time="0.002"/>
  <testcase classname="login.LoginWithEmptyEmail" name="invokeBrowser" time="12.641"/>
</testsuite> <!-- login.LoginWithEmptyEmail -->
