<?xml version="1.0" encoding="UTF-8"?>
<!-- Generated by org.testng.reporters.JUnitReportReporter -->
<testsuite hostname="Tomislavs-MacBook-Pro.local" failures="0" tests="2" name="dashboard.CheckHelpVideosLink" time="46.622" errors="0" timestamp="02 Mar 2018 13:11:41 GMT" skipped="0">
  <testcase classname="dashboard.CheckHelpVideosLink" name="invokeBrowser" time="46.620"/>
  <testcase classname="dashboard.CheckHelpVideosLink" name="loginAndClickOnHelpVideos" time="0.002"/>
</testsuite> <!-- dashboard.CheckHelpVideosLink -->
